[debug] [2022-05-17T23:03:29.036Z] ----------------------------------------------------------------------
[debug] [2022-05-17T23:03:29.038Z] Command:       C:\Program Files\nodejs\node.exe C:\Users\novic\AppData\Roaming\npm\node_modules\firebase-tools\lib\bin\firebase.js init
[debug] [2022-05-17T23:03:29.038Z] CLI Version:   10.9.2
[debug] [2022-05-17T23:03:29.038Z] Platform:      win32
[debug] [2022-05-17T23:03:29.038Z] Node Version:  v16.14.2
[debug] [2022-05-17T23:03:29.040Z] Time:          Wed May 18 2022 01:03:29 GMT+0200 (Центральная Европа, летнее время)
[debug] [2022-05-17T23:03:29.040Z] ----------------------------------------------------------------------
[debug] 
[debug] [2022-05-17T23:03:29.047Z] > command requires scopes: ["email","openid","https://www.googleapis.com/auth/cloudplatformprojects.readonly","https://www.googleapis.com/auth/firebase","https://www.googleapis.com/auth/cloud-platform"]
[debug] [2022-05-17T23:03:29.048Z] > authorizing via signed-in user (novickii8314@gmail.com)
[info] 
     ######## #### ########  ######## ########     ###     ######  ########
     ##        ##  ##     ## ##       ##     ##  ##   ##  ##       ##
     ######    ##  ########  ######   ########  #########  ######  ######
     ##        ##  ##    ##  ##       ##     ## ##     ##       ## ##
     ##       #### ##     ## ######## ########  ##     ##  ######  ########

You're about to initialize a Firebase project in this directory:

  C:\game-store\game-shop

Before we get started, keep in mind:

  * You are currently outside your home directory

[info] 
=== Project Setup
[info] 
[info] First, let's associate this project directory with a Firebase project.
[info] You can create multiple project aliases by running firebase use --add, 
[info] but for now we'll just set up a default project.
[info] 
